#
# There is insufficient memory for the Java Runtime Environment to continue.
# Native memory allocation (malloc) failed to allocate 1048576 bytes for AllocateHeap
# Possible reasons:
#   The system is out of physical RAM or swap space
#   In 32 bit mode, the process size limit was hit
# Possible solutions:
#   Reduce memory load on the system
#   Increase physical memory or swap space
#   Check if swap backing store is full
#   Use 64 bit Java on a 64 bit OS
#   Decrease Java heap size (-Xmx/-Xms)
#   Decrease number of Java threads
#   Decrease Java thread stack sizes (-Xss)
#   Set larger code cache with -XX:ReservedCodeCacheSize=
# This output file may be truncated or incomplete.
#
#  Out of Memory Error (memory/allocation.inline.hpp:61), pid=3340, tid=0x0000000000002d60
#
# JRE version:  (8.0_152-b01) (build )
# Java VM: OpenJDK 64-Bit Server VM (25.152-b01 mixed mode windows-amd64 compressed oops)
# Failed to write core dump. Minidumps are not enabled by default on client versions of Windows
#

---------------  T H R E A D  ---------------

Current thread (0x000000000267e800):  JavaThread "Unknown thread" [_thread_in_vm, id=11616, stack(0x00000000024b0000,0x00000000025b0000)]

Stack: [0x00000000024b0000,0x00000000025b0000]
[error occurred during error reporting (printing stack bounds), id 0xc0000005]

Native frames: (J=compiled Java code, j=interpreted, Vv=VM code, C=native code)


---------------  P R O C E S S  ---------------

Java Threads: ( => current thread )

Other Threads:

=>0x000000000267e800 (exited) JavaThread "Unknown thread" [_thread_in_vm, id=11616, stack(0x00000000024b0000,0x00000000025b0000)]

VM state:not at safepoint (normal execution)

VM Mutex/Monitor currently owned by a thread: None

Heap:
 PSYoungGen      total 18432K, used 317K [0x00000000eb600000, 0x00000000eca80000, 0x0000000100000000)
  eden space 15872K, 2% used [0x00000000eb600000,0x00000000eb64f5d0,0x00000000ec580000)
  from space 2560K, 0% used [0x00000000ec800000,0x00000000ec800000,0x00000000eca80000)
  to   space 2560K, 0% used [0x00000000ec580000,0x00000000ec580000,0x00000000ec800000)
 ParOldGen       total 42496K, used 0K [0x00000000c2200000, 0x00000000c4b80000, 0x00000000eb600000)
  object space 42496K, 0% used [0x00000000c2200000,0x00000000c2200000,0x00000000c4b80000)
 Metaspace       used 772K, capacity 4480K, committed 4480K, reserved 1056768K
  class space    used 73K, capacity 384K, committed 384K, reserved 1048576K

Card table byte_map: [0x0000000011b40000,0x0000000011d30000] byte_map_base: 0x000000001152f000

Marking Bits: (ParMarkBitMap*) 0x0000000066d75aa0
 Begin Bits: [0x0000000012280000, 0x00000000131f8000)
 End Bits:   [0x00000000131f8000, 0x0000000014170000)

Polling page: 0x00000000003e0000

CodeCache: size=245760Kb used=328Kb max_used=328Kb free=245431Kb
 bounds [0x0000000002780000, 0x00000000029f0000, 0x0000000011780000]
 total_blobs=57 nmethods=0 adapters=38
 compilation: enabled

Compilation events (0 events):
No events

GC Heap History (0 events):
No events

Deoptimization events (0 events):
No events

Classes redefined (0 events):
No events

Internal exceptions (0 events):
No events

Events (10 events):
Event: 0.037 loading class java/lang/Short
Event: 0.037 loading class java/lang/Short done
Event: 0.037 loading class java/lang/Integer
Event: 0.037 loading class java/lang/Integer done
Event: 0.037 loading class java/lang/Long
Event: 0.037 loading class java/lang/Long done
Event: 0.038 loading class java/lang/NullPointerException
Event: 0.038 loading class java/lang/NullPointerException done
Event: 0.038 loading class java/lang/ArithmeticException
Event: 0.038 loading class java/lang/ArithmeticException done


Dynamic libraries:
0x00007ff690b60000 - 0x00007ff690b91000 	F:\Program Files\Android\Android Studio\jre\bin\java.exe
0x00007ffdf3e60000 - 0x00007ffdf4050000 	C:\WINDOWS\SYSTEM32\ntdll.dll
0x00007ffdf2e00000 - 0x00007ffdf2eb2000 	C:\WINDOWS\System32\KERNEL32.DLL
0x00007ffdf1af0000 - 0x00007ffdf1d94000 	C:\WINDOWS\System32\KERNELBASE.dll
0x00007ffdf32e0000 - 0x00007ffdf3383000 	C:\WINDOWS\System32\ADVAPI32.dll
0x00007ffdf39a0000 - 0x00007ffdf3a3e000 	C:\WINDOWS\System32\msvcrt.dll
0x00007ffdf3bd0000 - 0x00007ffdf3c67000 	C:\WINDOWS\System32\sechost.dll
0x00007ffdf3000000 - 0x00007ffdf3120000 	C:\WINDOWS\System32\RPCRT4.dll
0x00007ffdf3800000 - 0x00007ffdf3994000 	C:\WINDOWS\System32\USER32.dll
0x00007ffdf1080000 - 0x00007ffdf10a1000 	C:\WINDOWS\System32\win32u.dll
0x00007ffdf2fd0000 - 0x00007ffdf2ff6000 	C:\WINDOWS\System32\GDI32.dll
0x00007ffdf1950000 - 0x00007ffdf1ae4000 	C:\WINDOWS\System32\gdi32full.dll
0x00007ffdf18b0000 - 0x00007ffdf194e000 	C:\WINDOWS\System32\msvcp_win.dll
0x00007ffdf1ea0000 - 0x00007ffdf1f9a000 	C:\WINDOWS\System32\ucrtbase.dll
0x00007ffde38f0000 - 0x00007ffde3b74000 	C:\WINDOWS\WinSxS\amd64_microsoft.windows.common-controls_6595b64144ccf1df_6.0.18362.836_none_e6c4b943130f18ed\COMCTL32.dll
0x00007ffdf22f0000 - 0x00007ffdf2626000 	C:\WINDOWS\System32\combase.dll
0x00007ffdf1830000 - 0x00007ffdf18b0000 	C:\WINDOWS\System32\bcryptPrimitives.dll
0x00007ffdf2660000 - 0x00007ffdf268e000 	C:\WINDOWS\System32\IMM32.DLL
0x0000000066e00000 - 0x0000000066ed2000 	F:\Program Files\Android\Android Studio\jre\jre\bin\msvcr100.dll
0x00000000665b0000 - 0x0000000066df1000 	F:\Program Files\Android\Android Studio\jre\jre\bin\server\jvm.dll
0x00007ffdf2270000 - 0x00007ffdf2278000 	C:\WINDOWS\System32\PSAPI.DLL
0x00007ffde4fc0000 - 0x00007ffde4fc9000 	C:\WINDOWS\SYSTEM32\WSOCK32.dll
0x00007ffdec610000 - 0x00007ffdec61a000 	C:\WINDOWS\SYSTEM32\VERSION.dll
0x00007ffded650000 - 0x00007ffded674000 	C:\WINDOWS\SYSTEM32\WINMM.dll
0x00007ffdf2280000 - 0x00007ffdf22ef000 	C:\WINDOWS\System32\WS2_32.dll
0x00007ffded620000 - 0x00007ffded64d000 	C:\WINDOWS\SYSTEM32\winmmbase.dll
0x00007ffdf1da0000 - 0x00007ffdf1dea000 	C:\WINDOWS\System32\cfgmgr32.dll
0x00007ffde4fb0000 - 0x00007ffde4fbf000 	F:\Program Files\Android\Android Studio\jre\jre\bin\verify.dll
0x00007ffde4f80000 - 0x00007ffde4fa9000 	F:\Program Files\Android\Android Studio\jre\jre\bin\java.dll
0x00007ffde4f60000 - 0x00007ffde4f76000 	F:\Program Files\Android\Android Studio\jre\jre\bin\zip.dll

VM Arguments:
jvm_args: -Dorg.gradle.appname=gradlew 
java_command: org.gradle.wrapper.GradleWrapperMain -q -Ptarget-platform=android-arm -Ptarget=F:\flucours\inspeiapp\lib\main.dart -Ptrack-widget-creation=true -Pfilesystem-scheme=org-dartlang-root -Pdart-defines=flutter.inspector.structuredErrors=true assembleDebug
java_class_path (initial): F:\flucours\inspeiapp\android\\gradle\wrapper\gradle-wrapper.jar
Launcher Type: SUN_STANDARD

Environment Variables:
JAVA_HOME=F:\Program Files\Android\Android Studio\jre
CLASSPATH=F:\flucours\inspeiapp\android\\gradle\wrapper\gradle-wrapper.jar
PATH=C:\Program Files (x86)\Common Files\Oracle\Java\javapath;C:\WINDOWS\system32;C:\WINDOWS;C:\WINDOWS\System32\Wbem;C:\WINDOWS\System32\WindowsPowerShell\v1.0\; C:\src\flutter\bin;C:\ProgramData\chocolatey\bin;C:\Program Files (x86)\Common Files\lenovo\easyplussdk\bin;C:\WINDOWS\System32\OpenSSH\;F:\MATLAB\R2014a\runtime\win64;F:\MATLAB\R2014a\bin;F:\MATLAB\R2014a\polyspace\bin;C:\Users\Ulrixh_Orphée\AppData\Local\Programs\Python\Python37\Scripts\;C:\Users\Ulrixh_Orphée\AppData\Local\Programs\Python\Python37\;C:\src\flutter\bin;C:\Program Files (x86)\David Esperalta\AppBuilder;E:\Program Files\Microsoft VS Code\bin;C:\Users\Ulrixh_Orphée\AppData\Local\Microsoft\WindowsApps;C:\Users\Ulrixh_Orphée\AppData\Local\Programs\Microsoft VS Code\bin;F:\Sdk\Sdk\tools;F:\Sdk\Sdk\platform-tools;;C:\src\flutter\bin\mingit\cmd
USERNAME=Ulrixh_Orphée
OS=Windows_NT
PROCESSOR_IDENTIFIER=Intel64 Family 6 Model 58 Stepping 9, GenuineIntel



---------------  S Y S T E M  ---------------

OS: Windows 10.0 , 64 bit Build 18362 (10.0.18362.778)

CPU:total 4 (initial active 4) (2 cores per cpu, 2 threads per core) family 6 model 58 stepping 9, cmov, cx8, fxsr, mmx, sse, sse2, sse3, ssse3, sse4.1, sse4.2, popcnt, avx, aes, clmul, erms, ht, tsc, tscinvbit, tscinv

Memory: 4k page, physical 4050412k(159076k free), swap 8637928k(264k free)

vm_info: OpenJDK 64-Bit Server VM (25.152-b01) for windows-amd64 JRE (1.8.0_152-release-1343-b01), built by "builder" with MS VC++ 10.0 (VS2010)

time: Wed Jul 01 14:15:45 2020
elapsed time: 0 seconds (0d 0h 0m 0s)

