#
# There is insufficient memory for the Java Runtime Environment to continue.
# Native memory allocation (malloc) failed to allocate 32744 bytes for ChunkPool::allocate
# Possible reasons:
#   The system is out of physical RAM or swap space
#   In 32 bit mode, the process size limit was hit
# Possible solutions:
#   Reduce memory load on the system
#   Increase physical memory or swap space
#   Check if swap backing store is full
#   Use 64 bit Java on a 64 bit OS
#   Decrease Java heap size (-Xmx/-Xms)
#   Decrease number of Java threads
#   Decrease Java thread stack sizes (-Xss)
#   Set larger code cache with -XX:ReservedCodeCacheSize=
# This output file may be truncated or incomplete.
#
#  Out of Memory Error (allocation.cpp:273), pid=13184, tid=0x0000000000001024
#
# JRE version: OpenJDK Runtime Environment (8.0_152-b01) (build 1.8.0_152-release-1343-b01)
# Java VM: OpenJDK 64-Bit Server VM (25.152-b01 mixed mode windows-amd64 compressed oops)
# Failed to write core dump. Minidumps are not enabled by default on client versions of Windows
#

---------------  T H R E A D  ---------------

Current thread (0x0000000014afe000):  JavaThread "C1 CompilerThread2" daemon [_thread_in_native, id=4132, stack(0x0000000016370000,0x0000000016470000)]

Stack: [0x0000000016370000,0x0000000016470000]
[error occurred during error reporting (printing stack bounds), id 0xc0000005]

Native frames: (J=compiled Java code, j=interpreted, Vv=VM code, C=native code)


Current CompileTask:
C1:  18476  933       3       java.util.ArrayList::<init> (61 bytes)


---------------  P R O C E S S  ---------------

Java Threads: ( => current thread )
  0x0000000017133000 JavaThread "Forward input" [_thread_blocked, id=12640, stack(0x0000000017ab0000,0x0000000017bb0000)]
  0x0000000017137000 JavaThread "DisconnectableInputStream source reader" daemon [_thread_in_native, id=1792, stack(0x00000000179b0000,0x0000000017ab0000)]
  0x0000000016f3a800 JavaThread "pool-1-thread-1" [_thread_blocked, id=9312, stack(0x0000000017270000,0x0000000017370000)]
  0x0000000014b4e800 JavaThread "Service Thread" daemon [_thread_blocked, id=13544, stack(0x0000000016870000,0x0000000016970000)]
=>0x0000000014afe000 JavaThread "C1 CompilerThread2" daemon [_thread_in_native, id=4132, stack(0x0000000016370000,0x0000000016470000)]
  0x0000000014af1800 JavaThread "C2 CompilerThread1" daemon [_thread_blocked, id=10088, stack(0x0000000016270000,0x0000000016370000)]
  0x0000000014aee000 JavaThread "C2 CompilerThread0" daemon [_thread_blocked, id=9648, stack(0x0000000016170000,0x0000000016270000)]
  0x0000000014aeb000 JavaThread "Attach Listener" daemon [_thread_blocked, id=8072, stack(0x0000000016070000,0x0000000016170000)]
  0x0000000014af8000 JavaThread "Signal Dispatcher" daemon [_thread_blocked, id=10928, stack(0x0000000015f70000,0x0000000016070000)]
  0x0000000014ad9800 JavaThread "Finalizer" daemon [_thread_blocked, id=7896, stack(0x0000000015d50000,0x0000000015e50000)]
  0x0000000002562000 JavaThread "Reference Handler" daemon [_thread_blocked, id=12300, stack(0x0000000015c50000,0x0000000015d50000)]
  0x000000000228e800 JavaThread "main" [_thread_in_native, id=1464, stack(0x0000000002370000,0x0000000002470000)]

Other Threads:
  0x0000000014ab7000 VMThread [stack: 0x0000000015b50000,0x0000000015c50000] [id=13384]
  0x000000001649a800 WatcherThread [stack: 0x0000000016970000,0x0000000016a70000] [id=3636]

VM state:not at safepoint (normal execution)

VM Mutex/Monitor currently owned by a thread: None

Heap:
 PSYoungGen      total 34304K, used 8287K [0x00000000eb600000, 0x00000000eda00000, 0x0000000100000000)
  eden space 31744K, 18% used [0x00000000eb600000,0x00000000ebb9f798,0x00000000ed500000)
  from space 2560K, 98% used [0x00000000ed780000,0x00000000ed9f8670,0x00000000eda00000)
  to   space 2560K, 0% used [0x00000000ed500000,0x00000000ed500000,0x00000000ed780000)
 ParOldGen       total 42496K, used 1331K [0x00000000c2200000, 0x00000000c4b80000, 0x00000000eb600000)
  object space 42496K, 3% used [0x00000000c2200000,0x00000000c234ccb0,0x00000000c4b80000)
 Metaspace       used 10511K, capacity 10852K, committed 11008K, reserved 1058816K
  class space    used 1372K, capacity 1468K, committed 1536K, reserved 1048576K

Card table byte_map: [0x0000000011930000,0x0000000011b20000] byte_map_base: 0x000000001131f000

Marking Bits: (ParMarkBitMap*) 0x0000000057375aa0
 Begin Bits: [0x0000000012070000, 0x0000000012fe8000)
 End Bits:   [0x0000000012fe8000, 0x0000000013f60000)

Polling page: 0x0000000000650000

CodeCache: size=245760Kb used=3282Kb max_used=3282Kb free=242477Kb
 bounds [0x0000000002570000, 0x00000000028b0000, 0x0000000011570000]
 total_blobs=1290 nmethods=932 adapters=272
 compilation: enabled

Compilation events (10 events):
Event: 16.441 Thread 0x0000000014afe000 nmethod 928 0x00000000028a3e90 code [0x00000000028a3fe0, 0x00000000028a4130]
Event: 16.540 Thread 0x0000000014afe000  929       3       java.util.concurrent.locks.ReentrantLock$NonfairSync::tryAcquire (6 bytes)
Event: 16.541 Thread 0x0000000014afe000 nmethod 929 0x00000000028a4190 code [0x00000000028a4300, 0x00000000028a4508]
Event: 16.541 Thread 0x0000000014afe000  930       3       java.util.concurrent.locks.ReentrantLock$Sync::nonfairTryAcquire (67 bytes)
Event: 16.541 Thread 0x0000000014afe000 nmethod 930 0x00000000028a4590 code [0x00000000028a4720, 0x00000000028a4e48]
Event: 16.541 Thread 0x0000000014afe000  931       1       org.gradle.internal.logging.console.ThrottlingOutputEventListener::access$000 (5 bytes)
Event: 16.541 Thread 0x0000000014afe000 nmethod 931 0x00000000028a4fd0 code [0x00000000028a5120, 0x00000000028a5210]
Event: 16.541 Thread 0x0000000014afe000  932       1       org.gradle.internal.logging.events.UpdateNowEvent::getLogLevel (2 bytes)
Event: 16.541 Thread 0x0000000014afe000 nmethod 932 0x00000000028a5290 code [0x00000000028a53e0, 0x00000000028a54f0]
Event: 18.404 Thread 0x0000000014afe000  933       3       java.util.ArrayList::<init> (61 bytes)

GC Heap History (4 events):
Event: 3.365 GC heap before
{Heap before GC invocations=1 (full 0):
 PSYoungGen      total 18432K, used 15872K [0x00000000eb600000, 0x00000000eca80000, 0x0000000100000000)
  eden space 15872K, 100% used [0x00000000eb600000,0x00000000ec580000,0x00000000ec580000)
  from space 2560K, 0% used [0x00000000ec800000,0x00000000ec800000,0x00000000eca80000)
  to   space 2560K, 0% used [0x00000000ec580000,0x00000000ec580000,0x00000000ec800000)
 ParOldGen       total 42496K, used 0K [0x00000000c2200000, 0x00000000c4b80000, 0x00000000eb600000)
  object space 42496K, 0% used [0x00000000c2200000,0x00000000c2200000,0x00000000c4b80000)
 Metaspace       used 5940K, capacity 6220K, committed 6528K, reserved 1056768K
  class space    used 719K, capacity 772K, committed 896K, reserved 1048576K
Event: 3.436 GC heap after
Heap after GC invocations=1 (full 0):
 PSYoungGen      total 18432K, used 2531K [0x00000000eb600000, 0x00000000eda00000, 0x0000000100000000)
  eden space 15872K, 0% used [0x00000000eb600000,0x00000000eb600000,0x00000000ec580000)
  from space 2560K, 98% used [0x00000000ec580000,0x00000000ec7f8ff8,0x00000000ec800000)
  to   space 2560K, 0% used [0x00000000ed780000,0x00000000ed780000,0x00000000eda00000)
 ParOldGen       total 42496K, used 93K [0x00000000c2200000, 0x00000000c4b80000, 0x00000000eb600000)
  object space 42496K, 0% used [0x00000000c2200000,0x00000000c2217598,0x00000000c4b80000)
 Metaspace       used 5940K, capacity 6220K, committed 6528K, reserved 1056768K
  class space    used 719K, capacity 772K, committed 896K, reserved 1048576K
}
Event: 4.353 GC heap before
{Heap before GC invocations=2 (full 0):
 PSYoungGen      total 18432K, used 18403K [0x00000000eb600000, 0x00000000eda00000, 0x0000000100000000)
  eden space 15872K, 100% used [0x00000000eb600000,0x00000000ec580000,0x00000000ec580000)
  from space 2560K, 98% used [0x00000000ec580000,0x00000000ec7f8ff8,0x00000000ec800000)
  to   space 2560K, 0% used [0x00000000ed780000,0x00000000ed780000,0x00000000eda00000)
 ParOldGen       total 42496K, used 93K [0x00000000c2200000, 0x00000000c4b80000, 0x00000000eb600000)
  object space 42496K, 0% used [0x00000000c2200000,0x00000000c2217598,0x00000000c4b80000)
 Metaspace       used 8812K, capacity 9096K, committed 9216K, reserved 1056768K
  class space    used 1160K, capacity 1264K, committed 1280K, reserved 1048576K
Event: 4.367 GC heap after
Heap after GC invocations=2 (full 0):
 PSYoungGen      total 34304K, used 2529K [0x00000000eb600000, 0x00000000eda00000, 0x0000000100000000)
  eden space 31744K, 0% used [0x00000000eb600000,0x00000000eb600000,0x00000000ed500000)
  from space 2560K, 98% used [0x00000000ed780000,0x00000000ed9f8670,0x00000000eda00000)
  to   space 2560K, 0% used [0x00000000ed500000,0x00000000ed500000,0x00000000ed780000)
 ParOldGen       total 42496K, used 1331K [0x00000000c2200000, 0x00000000c4b80000, 0x00000000eb600000)
  object space 42496K, 3% used [0x00000000c2200000,0x00000000c234ccb0,0x00000000c4b80000)
 Metaspace       used 8812K, capacity 9096K, committed 9216K, reserved 1056768K
  class space    used 1160K, capacity 1264K, committed 1280K, reserved 1048576K
}

Deoptimization events (8 events):
Event: 3.528 Thread 0x000000000228e800 Uncommon trap: reason=unstable_if action=reinterpret pc=0x0000000002702240 method=java.util.regex.Matcher.reset()Ljava/util/regex/Matcher; @ 47
Event: 3.528 Thread 0x000000000228e800 Uncommon trap: reason=class_check action=maybe_recompile pc=0x000000000270738c method=java.util.regex.Matcher.match(II)Z @ 86
Event: 3.528 Thread 0x000000000228e800 Uncommon trap: reason=class_check action=maybe_recompile pc=0x000000000270738c method=java.util.regex.Matcher.match(II)Z @ 86
Event: 3.529 Thread 0x000000000228e800 Uncommon trap: reason=class_check action=maybe_recompile pc=0x000000000270738c method=java.util.regex.Matcher.match(II)Z @ 86
Event: 3.529 Thread 0x000000000228e800 Uncommon trap: reason=class_check action=maybe_recompile pc=0x000000000270738c method=java.util.regex.Matcher.match(II)Z @ 86
Event: 4.073 Thread 0x000000000228e800 Uncommon trap: reason=unstable_if action=reinterpret pc=0x00000000027df86c method=java.util.HashMap.hash(Ljava/lang/Object;)I @ 1
Event: 4.369 Thread 0x000000000228e800 Uncommon trap: reason=unstable_if action=reinterpret pc=0x00000000027d56bc method=java.util.HashMap.getNode(ILjava/lang/Object;)Ljava/util/HashMap$Node; @ 129
Event: 4.369 Thread 0x000000000228e800 Uncommon trap: reason=class_check action=maybe_recompile pc=0x00000000027a0f68 method=java.util.HashMap.putVal(ILjava/lang/Object;Ljava/lang/Object;ZZ)Ljava/lang/Object; @ 203

Classes redefined (0 events):
No events

Internal exceptions (10 events):
Event: 4.073 Thread 0x000000000228e800 Implicit null exception at 0x00000000027df655 to 0x00000000027df85d
Event: 4.085 Thread 0x000000000228e800 Exception <a 'java/lang/ArrayIndexOutOfBoundsException'> (0x00000000ec098950) thrown at [D:\src\AOSP-openjdk-cygwin\jdk8u\hotspot\src\share\vm\runtime\sharedRuntime.cpp, line 605]
Event: 4.086 Thread 0x000000000228e800 Exception <a 'java/lang/ArrayIndexOutOfBoundsException'> (0x00000000ec09cc08) thrown at [D:\src\AOSP-openjdk-cygwin\jdk8u\hotspot\src\share\vm\runtime\sharedRuntime.cpp, line 605]
Event: 4.092 Thread 0x000000000228e800 Exception <a 'java/lang/ArrayIndexOutOfBoundsException'> (0x00000000ec100b20) thrown at [D:\src\AOSP-openjdk-cygwin\jdk8u\hotspot\src\share\vm\runtime\sharedRuntime.cpp, line 605]
Event: 4.092 Thread 0x000000000228e800 Exception <a 'java/lang/ArrayIndexOutOfBoundsException'> (0x00000000ec102a68) thrown at [D:\src\AOSP-openjdk-cygwin\jdk8u\hotspot\src\share\vm\runtime\sharedRuntime.cpp, line 605]
Event: 4.094 Thread 0x000000000228e800 Exception <a 'java/lang/ArrayIndexOutOfBoundsException'> (0x00000000ec103b38) thrown at [D:\src\AOSP-openjdk-cygwin\jdk8u\hotspot\src\share\vm\runtime\sharedRuntime.cpp, line 605]
Event: 4.094 Thread 0x000000000228e800 Exception <a 'java/lang/ArrayIndexOutOfBoundsException'> (0x00000000ec1062d8) thrown at [D:\src\AOSP-openjdk-cygwin\jdk8u\hotspot\src\share\vm\runtime\sharedRuntime.cpp, line 605]
Event: 4.094 Thread 0x000000000228e800 Exception <a 'java/lang/ArrayIndexOutOfBoundsException'> (0x00000000ec107850) thrown at [D:\src\AOSP-openjdk-cygwin\jdk8u\hotspot\src\share\vm\runtime\sharedRuntime.cpp, line 605]
Event: 4.242 Thread 0x000000000228e800 Exception <a 'java/lang/NoSuchFieldError': method resolution failed> (0x00000000ec2d0128) thrown at [D:\src\AOSP-openjdk-cygwin\jdk8u\hotspot\src\share\vm\prims\methodHandles.cpp, line 1167]
Event: 4.248 Thread 0x000000000228e800 Exception <a 'java/lang/NoSuchFieldError': method resolution failed> (0x00000000ec2ddbb8) thrown at [D:\src\AOSP-openjdk-cygwin\jdk8u\hotspot\src\share\vm\prims\methodHandles.cpp, line 1167]

Events (10 events):
Event: 10.009 loading class sun/reflect/ClassDefiner
Event: 10.010 loading class sun/reflect/ClassDefiner done
Event: 10.010 loading class sun/reflect/ClassDefiner$1
Event: 10.010 loading class sun/reflect/ClassDefiner$1 done
Event: 18.369 loading class java/lang/Class$4
Event: 18.402 loading class java/lang/Class$4 done
Event: 18.402 loading class org/gradle/internal/logging/events/StyledTextOutputEvent$Span
Event: 18.402 loading class org/gradle/internal/logging/events/StyledTextOutputEvent$Span done
Event: 18.403 loading class org/gradle/internal/logging/events/operations/StyledTextBuildOperationProgressDetails$Span
Event: 18.403 loading class org/gradle/internal/logging/events/operations/StyledTextBuildOperationProgressDetails$Span done


Dynamic libraries:
0x00007ff7ad5a0000 - 0x00007ff7ad5d1000 	F:\Program Files\Android\Android Studio\jre\bin\java.exe
0x00007ffb2c620000 - 0x00007ffb2c810000 	C:\WINDOWS\SYSTEM32\ntdll.dll
0x00007ffb2bc90000 - 0x00007ffb2bd42000 	C:\WINDOWS\System32\KERNEL32.DLL
0x00007ffb297e0000 - 0x00007ffb29a84000 	C:\WINDOWS\System32\KERNELBASE.dll
0x00007ffb2b550000 - 0x00007ffb2b5f3000 	C:\WINDOWS\System32\ADVAPI32.dll
0x00007ffb2b6d0000 - 0x00007ffb2b76e000 	C:\WINDOWS\System32\msvcrt.dll
0x00007ffb2aa50000 - 0x00007ffb2aae7000 	C:\WINDOWS\System32\sechost.dll
0x00007ffb2b770000 - 0x00007ffb2b890000 	C:\WINDOWS\System32\RPCRT4.dll
0x00007ffb2a790000 - 0x00007ffb2a924000 	C:\WINDOWS\System32\USER32.dll
0x00007ffb29af0000 - 0x00007ffb29b11000 	C:\WINDOWS\System32\win32u.dll
0x00007ffb2ba50000 - 0x00007ffb2ba76000 	C:\WINDOWS\System32\GDI32.dll
0x00007ffb2a570000 - 0x00007ffb2a704000 	C:\WINDOWS\System32\gdi32full.dll
0x00007ffb29710000 - 0x00007ffb297ae000 	C:\WINDOWS\System32\msvcp_win.dll
0x00007ffb29b20000 - 0x00007ffb29c1a000 	C:\WINDOWS\System32\ucrtbase.dll
0x00007ffb136e0000 - 0x00007ffb13964000 	C:\WINDOWS\WinSxS\amd64_microsoft.windows.common-controls_6595b64144ccf1df_6.0.18362.836_none_e6c4b943130f18ed\COMCTL32.dll
0x00007ffb2bd60000 - 0x00007ffb2c096000 	C:\WINDOWS\System32\combase.dll
0x00007ffb2a4f0000 - 0x00007ffb2a570000 	C:\WINDOWS\System32\bcryptPrimitives.dll
0x00007ffb2a930000 - 0x00007ffb2a95e000 	C:\WINDOWS\System32\IMM32.DLL
0x0000000057400000 - 0x00000000574d2000 	F:\Program Files\Android\Android Studio\jre\jre\bin\msvcr100.dll
0x0000000056bb0000 - 0x00000000573f1000 	F:\Program Files\Android\Android Studio\jre\jre\bin\server\jvm.dll
0x00007ffb2b890000 - 0x00007ffb2b898000 	C:\WINDOWS\System32\PSAPI.DLL
0x00007ffb1a990000 - 0x00007ffb1a99a000 	C:\WINDOWS\SYSTEM32\VERSION.dll
0x00007ffb23c10000 - 0x00007ffb23c19000 	C:\WINDOWS\SYSTEM32\WSOCK32.dll
0x00007ffb25ec0000 - 0x00007ffb25ee4000 	C:\WINDOWS\SYSTEM32\WINMM.dll
0x00007ffb2c100000 - 0x00007ffb2c16f000 	C:\WINDOWS\System32\WS2_32.dll
0x00007ffb25e90000 - 0x00007ffb25ebd000 	C:\WINDOWS\SYSTEM32\winmmbase.dll
0x00007ffb296c0000 - 0x00007ffb2970a000 	C:\WINDOWS\System32\cfgmgr32.dll
0x00007ffb22e60000 - 0x00007ffb22e6f000 	F:\Program Files\Android\Android Studio\jre\jre\bin\verify.dll
0x00007ffb0db10000 - 0x00007ffb0db39000 	F:\Program Files\Android\Android Studio\jre\jre\bin\java.dll
0x00007ffb22e40000 - 0x00007ffb22e56000 	F:\Program Files\Android\Android Studio\jre\jre\bin\zip.dll
0x00007ffb2ac50000 - 0x00007ffb2b334000 	C:\WINDOWS\System32\SHELL32.dll
0x00007ffb2aba0000 - 0x00007ffb2ac49000 	C:\WINDOWS\System32\shcore.dll
0x00007ffb29c20000 - 0x00007ffb2a39e000 	C:\WINDOWS\System32\windows.storage.dll
0x00007ffb29590000 - 0x00007ffb295b3000 	C:\WINDOWS\System32\profapi.dll
0x00007ffb295c0000 - 0x00007ffb2960a000 	C:\WINDOWS\System32\powrprof.dll
0x00007ffb29540000 - 0x00007ffb29550000 	C:\WINDOWS\System32\UMPDC.dll
0x00007ffb2c0a0000 - 0x00007ffb2c0f2000 	C:\WINDOWS\System32\shlwapi.dll
0x00007ffb29570000 - 0x00007ffb29581000 	C:\WINDOWS\System32\kernel.appcore.dll
0x00007ffb2a710000 - 0x00007ffb2a727000 	C:\WINDOWS\System32\cryptsp.dll
0x00007ffb0d3f0000 - 0x00007ffb0d40a000 	F:\Program Files\Android\Android Studio\jre\jre\bin\net.dll
0x00007ffb28db0000 - 0x00007ffb28e17000 	C:\WINDOWS\system32\mswsock.dll
0x00007ffb0d3d0000 - 0x00007ffb0d3e1000 	F:\Program Files\Android\Android Studio\jre\jre\bin\nio.dll
0x00007ffb0d3a0000 - 0x00007ffb0d3c6000 	C:\Users\Ulrixh_Orphée\.gradle\native\30\windows-amd64\native-platform.dll
0x00007ffb1bde0000 - 0x00007ffb1bded000 	F:\Program Files\Android\Android Studio\jre\jre\bin\management.dll
0x00007ffb28920000 - 0x00007ffb28953000 	C:\WINDOWS\system32\rsaenh.dll
0x00007ffb297b0000 - 0x00007ffb297d6000 	C:\WINDOWS\System32\bcrypt.dll
0x00007ffb29430000 - 0x00007ffb29455000 	C:\WINDOWS\SYSTEM32\USERENV.dll
0x00007ffb28f80000 - 0x00007ffb28f8c000 	C:\WINDOWS\SYSTEM32\CRYPTBASE.dll
0x00007ffb28ac0000 - 0x00007ffb28afa000 	C:\WINDOWS\SYSTEM32\IPHLPAPI.DLL
0x00007ffb2bd50000 - 0x00007ffb2bd58000 	C:\WINDOWS\System32\NSI.dll
0x00007ffb1ea50000 - 0x00007ffb1ea66000 	C:\WINDOWS\SYSTEM32\dhcpcsvc6.DLL
0x00007ffb1ec40000 - 0x00007ffb1ec5c000 	C:\WINDOWS\SYSTEM32\dhcpcsvc.DLL
0x00007ffb28b00000 - 0x00007ffb28bcb000 	C:\WINDOWS\SYSTEM32\DNSAPI.dll

VM Arguments:
jvm_args: -Dorg.gradle.appname=gradlew 
java_command: org.gradle.wrapper.GradleWrapperMain -q -Ptarget-platform=android-arm -Ptarget=F:\flucours\inspeiapp\lib\main.dart -Ptrack-widget-creation=true -Pfilesystem-scheme=org-dartlang-root -Pdart-defines=flutter.inspector.structuredErrors=true assembleDebug
java_class_path (initial): F:\flucours\inspeiapp\android\\gradle\wrapper\gradle-wrapper.jar
Launcher Type: SUN_STANDARD

Environment Variables:
JAVA_HOME=F:\Program Files\Android\Android Studio\jre
CLASSPATH=F:\flucours\inspeiapp\android\\gradle\wrapper\gradle-wrapper.jar
PATH=C:\Program Files (x86)\Common Files\Oracle\Java\javapath;C:\WINDOWS\system32;C:\WINDOWS;C:\WINDOWS\System32\Wbem;C:\WINDOWS\System32\WindowsPowerShell\v1.0\; C:\src\flutter\bin;C:\ProgramData\chocolatey\bin;C:\Program Files (x86)\Common Files\lenovo\easyplussdk\bin;C:\WINDOWS\System32\OpenSSH\;F:\MATLAB\R2014a\runtime\win64;F:\MATLAB\R2014a\bin;F:\MATLAB\R2014a\polyspace\bin;C:\Users\Ulrixh_Orphée\AppData\Local\Programs\Python\Python37\Scripts\;C:\Users\Ulrixh_Orphée\AppData\Local\Programs\Python\Python37\;C:\src\flutter\bin;C:\Program Files (x86)\David Esperalta\AppBuilder;E:\Program Files\Microsoft VS Code\bin;C:\Users\Ulrixh_Orphée\AppData\Local\Microsoft\WindowsApps;C:\Users\Ulrixh_Orphée\AppData\Local\Programs\Microsoft VS Code\bin;F:\Sdk\Sdk\tools;F:\Sdk\Sdk\platform-tools;;C:\src\flutter\bin\mingit\cmd
USERNAME=Ulrixh_Orphée
OS=Windows_NT
PROCESSOR_IDENTIFIER=Intel64 Family 6 Model 58 Stepping 9, GenuineIntel



---------------  S Y S T E M  ---------------

OS: Windows 10.0 , 64 bit Build 18362 (10.0.18362.778)

CPU:total 4 (initial active 4) (2 cores per cpu, 2 threads per core) family 6 model 58 stepping 9, cmov, cx8, fxsr, mmx, sse, sse2, sse3, ssse3, sse4.1, sse4.2, popcnt, avx, aes, clmul, erms, ht, tsc, tscinvbit, tscinv

Memory: 4k page, physical 4050412k(171548k free), swap 8637928k(15252k free)

vm_info: OpenJDK 64-Bit Server VM (25.152-b01) for windows-amd64 JRE (1.8.0_152-release-1343-b01), built by "builder" with MS VC++ 10.0 (VS2010)

time: Wed Jul 08 01:37:13 2020
elapsed time: 18 seconds (0d 0h 0m 18s)

